{
  "RSpec": {
    "coverage": {
      "/home/franzbel/Desktop/ahorcado/spec/ahorcado_spec.rb": [
        1,
        null,
        1,
        null,
        1,
        7,
        null,
        null,
        1,
        null,
        1,
        1,
        1,
        1,
        1,
        null,
        null,
        1,
        1,
        1,
        1,
        1,
        null,
        null,
        null,
        null,
        1,
        1,
        1,
        1,
        1,
        1,
        null,
        null,
        1,
        1,
        1,
        1,
        1,
        null,
        null,
        null,
        1,
        null,
        1,
        1,
        1,
        1,
        1,
        1,
        null,
        null,
        null,
        1,
        null,
        1,
        1,
        1,
        1,
        null,
        null,
        1,
        1,
        1,
        1,
        10,
        null,
        1,
        1,
        null,
        null,
        null,
        null,
        null
      ],
      "/home/franzbel/Desktop/ahorcado/lib/ahorcado.rb": [
        1,
        null,
        1,
        null,
        1,
        7,
        7,
        7,
        null,
        null,
        1,
        7,
        null,
        null,
        1,
        7,
        7,
        null,
        null,
        1,
        7,
        48,
        null,
        null,
        null,
        1,
        7,
        7,
        null,
        null,
        1,
        13,
        13,
        null,
        null,
        1,
        11,
        11,
        11,
        11,
        104,
        21,
        null,
        104,
        null,
        null,
        null,
        null,
        1,
        2,
        1,
        null,
        1,
        null,
        null,
        null
      ]
    },
    "timestamp": 1447690106
  }
}
